<?xml version="1.0" encoding="UTF-8"?>
<testsuite name="Fibonacci.mainTest" tests="4" skipped="0" failures="0" errors="0" timestamp="2020-09-26T14:09:15" hostname="volivan-VPCY21M1R" time="0.097">
  <properties/>
  <testcase name="calcFibonacci1st()" classname="Fibonacci.mainTest" time="0.078"/>
  <testcase name="calcFibonacci8th()" classname="Fibonacci.mainTest" time="0.002"/>
  <testcase name="calcFibonacci10th()" classname="Fibonacci.mainTest" time="0.002"/>
  <testcase name="calcFibonacci20th()" classname="Fibonacci.mainTest" time="0.002"/>
  <system-out><![CDATA[]]></system-out>
  <system-err><![CDATA[]]></system-err>
</testsuite>
